执行日期：2014-11-28-15：%M：%S
【接收到的native通知】:
<xml><appid><![CDATA[wx1e0e150c541ad32f]]></appid>
<openid><![CDATA[okrsVt-3fufiRu2neD-rCKJ2DYdM]]></openid>
<mch_id><![CDATA[10035397]]></mch_id>
<is_subscribe><![CDATA[Y]]></is_subscribe>
<nonce_str><![CDATA[ZfLwwOl7qDh9YaZY]]></nonce_str>
<product_id><![CDATA[wx1e0e150c541ad32fstatic]]></product_id>
<sign><![CDATA[9901716254AED4A95654E4DB0919C16B]]></sign>
</xml>


执行日期：2014-11-28-15：%M：%S
【返回微信的native响应】:
<xml><return_code><![CDATA[SUCCESS]]></return_code><result_code><![CDATA[SUCCESS]]></result_code><prepay_id><![CDATA[wx2014112815184698f3fc01ff0234157855]]></prepay_id><appid><![CDATA[wx1e0e150c541ad32f]]></appid><mch_id>10035397</mch_id><nonce_str><![CDATA[fguga4ukcyr95dwkske0a8y7nfh0ynld]]></nonce_str><sign><![CDATA[8F422F161918E1F2BFA489BA7729F249]]></sign></xml>


执行日期：2014-11-28-15：%M：%S
【接收到的native通知】:
<xml><appid><![CDATA[wx1e0e150c541ad32f]]></appid>
<openid><![CDATA[okrsVt-3fufiRu2neD-rCKJ2DYdM]]></openid>
<mch_id><![CDATA[10035397]]></mch_id>
<is_subscribe><![CDATA[Y]]></is_subscribe>
<nonce_str><![CDATA[CudS31y5QtOWcrjC]]></nonce_str>
<product_id><![CDATA[wx1e0e150c541ad32fstatic]]></product_id>
<sign><![CDATA[32F098D415C36968CD32839080CF30C6]]></sign>
</xml>


执行日期：2014-11-28-15：%M：%S
【返回微信的native响应】:
<xml><return_code><![CDATA[SUCCESS]]></return_code><result_code><![CDATA[SUCCESS]]></result_code><prepay_id><![CDATA[wx20141128152244d3f925dead0423996762]]></prepay_id><appid><![CDATA[wx1e0e150c541ad32f]]></appid><mch_id>10035397</mch_id><nonce_str><![CDATA[m0df6y1kjunfskgxjkll043iqna7eq6j]]></nonce_str><sign><![CDATA[501CF1E5096A9241585ED3217D2CA04D]]></sign></xml>


执行日期：2014-12-28-14：%M：%S
【接收到的native通知】:
<xml><appid><![CDATA[wx1e0e150c541ad32f]]></appid>
<openid><![CDATA[okrsVt0OC0W4Rh7vTF8PpIrx3jQM]]></openid>
<mch_id><![CDATA[10035397]]></mch_id>
<is_subscribe><![CDATA[N]]></is_subscribe>
<nonce_str><![CDATA[UWrPxCpDQtTzyTyG]]></nonce_str>
<product_id><![CDATA[wx1e0e150c541ad32fstatic]]></product_id>
<sign><![CDATA[77AB265947AA45F1D742927BEAC87720]]></sign>
</xml>


执行日期：2014-12-28-14：%M：%S
【返回微信的native响应】:
<xml><return_code><![CDATA[SUCCESS]]></return_code><result_code><![CDATA[SUCCESS]]></result_code><prepay_id><![CDATA[wx20141228142732b8a1585f070256662736]]></prepay_id><appid><![CDATA[wx1e0e150c541ad32f]]></appid><mch_id>10035397</mch_id><nonce_str><![CDATA[17ihrpvxga12043g66zfmo18b4paoall]]></nonce_str><sign><![CDATA[7E2E271172930AC896DC4535C2581599]]></sign></xml>


执行日期：2014-12-28-15：%M：%S
【接收到的native通知】:
<xml><appid><![CDATA[wx1e0e150c541ad32f]]></appid>
<openid><![CDATA[okrsVt-3fufiRu2neD-rCKJ2DYdM]]></openid>
<mch_id><![CDATA[10035397]]></mch_id>
<is_subscribe><![CDATA[N]]></is_subscribe>
<nonce_str><![CDATA[jCsRvekEhpr344Kn]]></nonce_str>
<product_id><![CDATA[wx1e0e150c541ad32fstatic]]></product_id>
<sign><![CDATA[F7630708EE4D67D457368363CDE0345B]]></sign>
</xml>


执行日期：2014-12-28-15：%M：%S
【返回微信的native响应】:
<xml><return_code><![CDATA[SUCCESS]]></return_code><result_code><![CDATA[SUCCESS]]></result_code><prepay_id><![CDATA[wx2014122815195830b9e2c7090215132907]]></prepay_id><appid><![CDATA[wx1e0e150c541ad32f]]></appid><mch_id>10035397</mch_id><nonce_str><![CDATA[gbg533d0dczcxntsgx9m3jila140to2b]]></nonce_str><sign><![CDATA[73A89CFF695728CBE1BD0536D826F221]]></sign></xml>


执行日期：2015-10-16-11：%M：%S
【接收到的native通知】:



执行日期：2015-10-16-11：%M：%S
【返回微信的native响应】:
<xml><return_code><![CDATA[FAIL]]></return_code><return_msg><![CDATA[签名失败]]></return_msg></xml>


